{"timestamp":"2026-02-13T22:50:25.580Z","level":"info","action":"getArticle","user":"6b4138d3-350c-4ac9-9809-a75b8cf69130","duration":26,"metadata":{"phase":"success","success":true}}
{"timestamp":"2026-02-13T22:50:39.483Z","level":"info","action":"getArticle","user":"6b4138d3-350c-4ac9-9809-a75b8cf69130","duration":35,"metadata":{"phase":"success","success":true}}
{"timestamp":"2026-02-13T22:50:41.225Z","level":"info","action":"getArticle","user":"6b4138d3-350c-4ac9-9809-a75b8cf69130","duration":7,"metadata":{"phase":"success","success":true}}
{"timestamp":"2026-02-13T22:50:41.860Z","level":"info","action":"getArticle","user":"6b4138d3-350c-4ac9-9809-a75b8cf69130","duration":4,"metadata":{"phase":"success","success":true}}
{"timestamp":"2026-02-13T22:50:42.476Z","level":"info","action":"getArticle","user":"6b4138d3-350c-4ac9-9809-a75b8cf69130","duration":6,"metadata":{"phase":"success","success":true}}
{"timestamp":"2026-02-13T22:50:42.798Z","level":"info","action":"getArticle","user":"6b4138d3-350c-4ac9-9809-a75b8cf69130","duration":4,"metadata":{"phase":"success","success":true}}
{"timestamp":"2026-02-13T22:50:50.321Z","level":"info","action":"getArticle","user":"6b4138d3-350c-4ac9-9809-a75b8cf69130","duration":37,"metadata":{"phase":"success","success":true}}
{"timestamp":"2026-02-13T22:50:51.778Z","level":"info","action":"getArticle","user":"6b4138d3-350c-4ac9-9809-a75b8cf69130","duration":7,"metadata":{"phase":"success","success":true}}
{"timestamp":"2026-02-13T22:50:52.129Z","level":"info","action":"getArticle","user":"6b4138d3-350c-4ac9-9809-a75b8cf69130","duration":8,"metadata":{"phase":"success","success":true}}
{"timestamp":"2026-02-13T22:51:12.638Z","level":"info","action":"getArticle","user":"6b4138d3-350c-4ac9-9809-a75b8cf69130","duration":625,"metadata":{"phase":"success","success":true}}
{"timestamp":"2026-02-13T22:51:13.020Z","level":"info","action":"getArticle","user":"6b4138d3-350c-4ac9-9809-a75b8cf69130","duration":10,"metadata":{"phase":"success","success":true}}
{"timestamp":"2026-02-13T22:52:09.680Z","level":"info","action":"getArticle","user":"6b4138d3-350c-4ac9-9809-a75b8cf69130","duration":28,"metadata":{"phase":"success","success":true}}
{"timestamp":"2026-02-13T22:52:11.624Z","level":"info","action":"getArticle","user":"6b4138d3-350c-4ac9-9809-a75b8cf69130","duration":9,"metadata":{"phase":"success","success":true}}
{"timestamp":"2026-02-13T22:52:12.112Z","level":"info","action":"getArticle","user":"6b4138d3-350c-4ac9-9809-a75b8cf69130","duration":8,"metadata":{"phase":"success","success":true}}
{"timestamp":"2026-02-13T22:52:12.490Z","level":"info","action":"getArticle","user":"6b4138d3-350c-4ac9-9809-a75b8cf69130","duration":6,"metadata":{"phase":"success","success":true}}
{"timestamp":"2026-02-13T22:53:18.385Z","level":"info","action":"getArticle","user":"6b4138d3-350c-4ac9-9809-a75b8cf69130","duration":15,"metadata":{"phase":"success","success":true}}
{"timestamp":"2026-02-13T22:53:20.158Z","level":"info","action":"getArticle","user":"6b4138d3-350c-4ac9-9809-a75b8cf69130","duration":7,"metadata":{"phase":"success","success":true}}
{"timestamp":"2026-02-13T22:53:20.530Z","level":"info","action":"getArticle","user":"6b4138d3-350c-4ac9-9809-a75b8cf69130","duration":7,"metadata":{"phase":"success","success":true}}
{"timestamp":"2026-02-13T22:53:59.953Z","level":"info","action":"getArticle","user":"6b4138d3-350c-4ac9-9809-a75b8cf69130","duration":12,"metadata":{"phase":"success","success":true}}
{"timestamp":"2026-02-13T22:54:02.158Z","level":"info","action":"getArticle","user":"6b4138d3-350c-4ac9-9809-a75b8cf69130","duration":12,"metadata":{"phase":"success","success":true}}
{"timestamp":"2026-02-13T22:55:12.112Z","level":"info","action":"getArticle","user":"6b4138d3-350c-4ac9-9809-a75b8cf69130","duration":7,"metadata":{"phase":"success","success":true}}
{"timestamp":"2026-02-13T22:55:47.344Z","level":"info","action":"listImages","user":"victor3spoir","result":{"count":17},"duration":1085,"metadata":{"phase":"success"}}
{"timestamp":"2026-02-13T22:55:49.271Z","level":"info","action":"listArticles","user":"victor3spoir","duration":3012,"metadata":{"phase":"success","success":true}}
{"timestamp":"2026-02-13T22:55:49.282Z","level":"info","action":"getDashboardStats","user":"victor3spoir","result":{"totalArticles":12,"publishedArticles":0,"draftArticles":12,"mediaFiles":17},"duration":3028,"metadata":{"phase":"success"}}
{"timestamp":"2026-02-13T22:55:49.288Z","level":"info","action":"getRecentActivity","user":"victor3spoir","result":{"count":8},"duration":0,"metadata":{"phase":"success"}}
{"timestamp":"2026-02-13T22:55:49.295Z","level":"info","action":"getDashboardStats","user":"victor3spoir","result":{"totalArticles":12,"publishedArticles":0,"draftArticles":12,"mediaFiles":17},"duration":2,"metadata":{"phase":"success"}}
{"timestamp":"2026-02-13T22:56:03.556Z","level":"info","action":"getArticle","user":"6b4138d3-350c-4ac9-9809-a75b8cf69130","duration":25,"metadata":{"phase":"success","success":true}}
{"timestamp":"2026-02-13T22:56:05.031Z","level":"info","action":"getArticle","user":"6b4138d3-350c-4ac9-9809-a75b8cf69130","duration":4,"metadata":{"phase":"success","success":true}}
{"timestamp":"2026-02-13T22:56:05.531Z","level":"info","action":"getArticle","user":"6b4138d3-350c-4ac9-9809-a75b8cf69130","duration":4,"metadata":{"phase":"success","success":true}}
{"timestamp":"2026-02-13T22:56:47.070Z","level":"info","action":"getArticle","user":"6b4138d3-350c-4ac9-9809-a75b8cf69130","duration":27,"metadata":{"phase":"success","success":true}}
{"timestamp":"2026-02-13T22:56:48.856Z","level":"info","action":"getArticle","user":"6b4138d3-350c-4ac9-9809-a75b8cf69130","duration":7,"metadata":{"phase":"success","success":true}}
{"timestamp":"2026-02-13T22:56:49.266Z","level":"info","action":"getArticle","user":"6b4138d3-350c-4ac9-9809-a75b8cf69130","duration":5,"metadata":{"phase":"success","success":true}}
{"timestamp":"2026-02-13T22:56:49.522Z","level":"info","action":"getArticle","user":"6b4138d3-350c-4ac9-9809-a75b8cf69130","duration":5,"metadata":{"phase":"success","success":true}}
{"timestamp":"2026-02-13T22:57:21.288Z","level":"info","action":"listImages","user":"victor3spoir","result":{"count":17},"duration":243,"metadata":{"phase":"success"}}
{"timestamp":"2026-02-13T22:57:21.349Z","level":"info","action":"listArticles","user":"victor3spoir","duration":305,"metadata":{"phase":"success","success":true}}
{"timestamp":"2026-02-13T22:57:21.459Z","level":"info","action":"getDashboardStats","user":"victor3spoir","result":{"totalArticles":12,"publishedArticles":0,"draftArticles":12,"mediaFiles":17},"duration":421,"metadata":{"phase":"success"}}
{"timestamp":"2026-02-13T22:57:32.671Z","level":"info","action":"getArticle","user":"6b4138d3-350c-4ac9-9809-a75b8cf69130","duration":21,"metadata":{"phase":"success","success":true}}
{"timestamp":"2026-02-13T22:57:33.880Z","level":"info","action":"getArticle","user":"6b4138d3-350c-4ac9-9809-a75b8cf69130","duration":7,"metadata":{"phase":"success","success":true}}
{"timestamp":"2026-02-13T22:57:35.366Z","level":"info","action":"getArticle","user":"6b4138d3-350c-4ac9-9809-a75b8cf69130","duration":7,"metadata":{"phase":"success","success":true}}
{"timestamp":"2026-02-13T22:57:36.334Z","level":"info","action":"getArticle","user":"6b4138d3-350c-4ac9-9809-a75b8cf69130","duration":7,"metadata":{"phase":"success","success":true}}
{"timestamp":"2026-02-13T22:57:36.763Z","level":"info","action":"getArticle","user":"6b4138d3-350c-4ac9-9809-a75b8cf69130","duration":8,"metadata":{"phase":"success","success":true}}
{"timestamp":"2026-02-13T22:57:37.111Z","level":"info","action":"getArticle","user":"6b4138d3-350c-4ac9-9809-a75b8cf69130","duration":7,"metadata":{"phase":"success","success":true}}
{"timestamp":"2026-02-13T22:57:37.430Z","level":"info","action":"getArticle","user":"6b4138d3-350c-4ac9-9809-a75b8cf69130","duration":11,"metadata":{"phase":"success","success":true}}
{"timestamp":"2026-02-13T22:58:10.793Z","level":"info","action":"listImages","user":"victor3spoir","result":{"count":17},"duration":173,"metadata":{"phase":"success"}}
{"timestamp":"2026-02-13T22:58:10.895Z","level":"info","action":"listArticles","user":"victor3spoir","duration":276,"metadata":{"phase":"success","success":true}}
{"timestamp":"2026-02-13T22:58:11.043Z","level":"info","action":"getDashboardStats","user":"victor3spoir","result":{"totalArticles":12,"publishedArticles":0,"draftArticles":12,"mediaFiles":17},"duration":431,"metadata":{"phase":"success"}}
{"timestamp":"2026-02-13T22:58:11.900Z","level":"info","action":"listImages","user":"victor3spoir","result":{"count":17},"duration":908,"metadata":{"phase":"success"}}
{"timestamp":"2026-02-13T22:58:13.394Z","level":"info","action":"listArticles","user":"victor3spoir","duration":2451,"metadata":{"phase":"success","success":true}}
{"timestamp":"2026-02-13T22:58:13.476Z","level":"info","action":"getDashboardStats","user":"victor3spoir","result":{"totalArticles":12,"publishedArticles":0,"draftArticles":12,"mediaFiles":17},"duration":2621,"metadata":{"phase":"success"}}
{"timestamp":"2026-02-13T22:58:13.611Z","level":"info","action":"getDashboardStats","user":"victor3spoir","result":{"totalArticles":12,"publishedArticles":0,"draftArticles":12,"mediaFiles":17},"duration":70,"metadata":{"phase":"success"}}
{"timestamp":"2026-02-13T22:58:13.630Z","level":"info","action":"getRecentActivity","user":"victor3spoir","result":{"count":8},"duration":2,"metadata":{"phase":"success"}}
{"timestamp":"2026-02-13T22:58:13.642Z","level":"info","action":"getRecentActivity","user":"victor3spoir","result":{"count":8},"duration":1,"metadata":{"phase":"success"}}
{"timestamp":"2026-02-13T22:59:39.765Z","level":"info","action":"listImages","user":"victor3spoir","result":{"count":17},"duration":155,"metadata":{"phase":"success"}}
{"timestamp":"2026-02-13T22:59:39.881Z","level":"info","action":"listArticles","user":"victor3spoir","duration":272,"metadata":{"phase":"success","success":true}}
{"timestamp":"2026-02-13T22:59:40.046Z","level":"info","action":"getDashboardStats","user":"victor3spoir","result":{"totalArticles":12,"publishedArticles":0,"draftArticles":12,"mediaFiles":17},"duration":443,"metadata":{"phase":"success"}}
{"timestamp":"2026-02-13T22:59:40.089Z","level":"info","action":"getRecentActivity","user":"victor3spoir","result":{"count":8},"duration":0,"metadata":{"phase":"success"}}
{"timestamp":"2026-02-13T23:02:01.938Z","level":"info","action":"listImages","user":"victor3spoir","result":{"count":17},"duration":171,"metadata":{"phase":"success"}}
{"timestamp":"2026-02-13T23:02:02.139Z","level":"info","action":"listArticles","user":"victor3spoir","duration":373,"metadata":{"phase":"success","success":true}}
{"timestamp":"2026-02-13T23:02:02.251Z","level":"info","action":"getDashboardStats","user":"victor3spoir","result":{"totalArticles":12,"publishedArticles":0,"draftArticles":12,"mediaFiles":17},"duration":0,"metadata":{"phase":"success"}}
{"timestamp":"2026-02-13T23:02:02.252Z","level":"info","action":"getRecentActivity","user":"victor3spoir","result":{"count":8},"duration":0,"metadata":{"phase":"success"}}
